<?xml version="1.0" encoding="UTF-8"?>
<!-- Generated by org.testng.reporters.JUnitXMLReporter -->
<testsuite hostname="NIT-LPT-0179" ignored="0" name="Default test" tests="3" failures="0" timestamp="18 Aug 2020 12:19:09 GMT" time="49.456" errors="0">
  <testcase name="searchOnGoogleBasedOnData" time="16.434" classname="dataDriven.TestUsingDataProvider"/>
  <testcase name="searchOnGoogleBasedOnData" time="14.867" classname="dataDriven.TestUsingDataProvider"/>
  <testcase name="searchOnGoogleBasedOnData" time="14.891" classname="dataDriven.TestUsingDataProvider"/>
</testsuite> <!-- Default test -->
