<?xml version="1.0" encoding="UTF-8"?>
<!-- Generated by org.testng.reporters.JUnitXMLReporter -->
<testsuite hostname="atharva" name="Test 1" tests="13" failures="1" timestamp="12 Oct 2019 06:24:29 GMT" time="72.332" errors="0">
  <testcase name="enterEmailIDAndClickOnNextButton on [GMailAssignmentWithExtentReport passed=0 failed=0 skipped=0]" time="0.422" classname="extentReportPractice.GMailAssignmentWithExtentReport"/>
  <testcase name="enterPasswordAndClickOnNext on [GMailAssignmentWithExtentReport passed=0 failed=0 skipped=0]" time="3.352" classname="extentReportPractice.GMailAssignmentWithExtentReport"/>
  <testcase name="clickOnComposeButton on [GMailAssignmentWithExtentReport passed=0 failed=0 skipped=0]" time="16.69" classname="extentReportPractice.GMailAssignmentWithExtentReport"/>
  <testcase name="markSocial on [GMailAssignmentWithExtentReport passed=0 failed=0 skipped=0]" time="3.164" classname="extentReportPractice.GMailAssignmentWithExtentReport"/>
  <testcase name="hoverMouseOverLabelMenu on [GMailAssignmentWithExtentReport passed=0 failed=0 skipped=0]" time="3.428" classname="extentReportPractice.GMailAssignmentWithExtentReport"/>
  <testcase name="enterSocialTextAndSelect on [GMailAssignmentWithExtentReport passed=0 failed=0 skipped=0]" time="11.279" classname="extentReportPractice.GMailAssignmentWithExtentReport"/>
  <testcase name="enterToEmailID on [GMailAssignmentWithExtentReport passed=0 failed=0 skipped=0]" time="2.349" classname="extentReportPractice.GMailAssignmentWithExtentReport"/>
  <testcase name="enterSubject on [GMailAssignmentWithExtentReport passed=0 failed=0 skipped=0]" time="2.66" classname="extentReportPractice.GMailAssignmentWithExtentReport"/>
  <testcase name="enterMailBodyContent on [GMailAssignmentWithExtentReport passed=0 failed=0 skipped=0]" time="2.69" classname="extentReportPractice.GMailAssignmentWithExtentReport"/>
  <testcase name="clickOnSendButton on [GMailAssignmentWithExtentReport passed=0 failed=0 skipped=0]" time="2.205" classname="extentReportPractice.GMailAssignmentWithExtentReport"/>
  <testcase name="verifyEmailReceivedInSocialTab on [GMailAssignmentWithExtentReport passed=0 failed=0 skipped=0]" time="5.724" classname="extentReportPractice.GMailAssignmentWithExtentReport"/>
  <testcase name="verifyEmailReceivedAndMarkStar on [GMailAssignmentWithExtentReport passed=0 failed=0 skipped=0]" time="7.038" classname="extentReportPractice.GMailAssignmentWithExtentReport"/>
  <testcase name="openEmail on [GMailAssignmentWithExtentReport passed=0 failed=0 skipped=0]" time="1.156" classname="extentReportPractice.GMailAssignmentWithExtentReport">
    <failure type="org.openqa.selenium.StaleElementReferenceException" message="stale element reference: element is not attached to the page document
  (Session info: chrome=77.0.3865.90)
For documentation on this error, please visit: https://www.seleniumhq.org/exceptions/stale_element_reference.html
Build info: version: &amp;apos;3.141.59&amp;apos;, revision: &amp;apos;e82be7d358&amp;apos;, time: &amp;apos;2018-11-14T08:17:03&amp;apos;
System info: host: &amp;apos;ATHARVA&amp;apos;, ip: &amp;apos;192.168.0.102&amp;apos;, os.name: &amp;apos;Windows 10&amp;apos;, os.arch: &amp;apos;amd64&amp;apos;, os.version: &amp;apos;10.0&amp;apos;, java.version: &amp;apos;1.8.0_121&amp;apos;
Driver info: org.openqa.selenium.chrome.ChromeDriver
Capabilities {acceptInsecureCerts: false, browserName: chrome, browserVersion: 77.0.3865.90, chrome: {chromedriverVersion: 76.0.3809.126 (d80a294506b4..., userDataDir: C:\Users\Atharva\AppData\Lo...}, goog:chromeOptions: {debuggerAddress: localhost:59433}, javascriptEnabled: true, networkConnectionEnabled: false, pageLoadStrategy: normal, platform: XP, platformName: XP, proxy: Proxy(), setWindowRect: true, strictFileInteractability: false, timeouts: {implicit: 0, pageLoad: 300000, script: 30000}, unhandledPromptBehavior: dismiss and notify}
Session ID: 73b4bd979db1f3381b27fb3276775f66">
      <![CDATA[org.openqa.selenium.StaleElementReferenceException: stale element reference: element is not attached to the page document
  (Session info: chrome=77.0.3865.90)
For documentation on this error, please visit: https://www.seleniumhq.org/exceptions/stale_element_reference.html
Build info: version: '3.141.59', revision: 'e82be7d358', time: '2018-11-14T08:17:03'
System info: host: 'ATHARVA', ip: '192.168.0.102', os.name: 'Windows 10', os.arch: 'amd64', os.version: '10.0', java.version: '1.8.0_121'
Driver info: org.openqa.selenium.chrome.ChromeDriver
Capabilities {acceptInsecureCerts: false, browserName: chrome, browserVersion: 77.0.3865.90, chrome: {chromedriverVersion: 76.0.3809.126 (d80a294506b4..., userDataDir: C:\Users\Atharva\AppData\Lo...}, goog:chromeOptions: {debuggerAddress: localhost:59433}, javascriptEnabled: true, networkConnectionEnabled: false, pageLoadStrategy: normal, platform: XP, platformName: XP, proxy: Proxy(), setWindowRect: true, strictFileInteractability: false, timeouts: {implicit: 0, pageLoad: 300000, script: 30000}, unhandledPromptBehavior: dismiss and notify}
Session ID: 73b4bd979db1f3381b27fb3276775f66
	at org.openqa.selenium.remote.http.W3CHttpResponseCodec.createException(W3CHttpResponseCodec.java:187)
	at org.openqa.selenium.remote.http.W3CHttpResponseCodec.decode(W3CHttpResponseCodec.java:122)
	at org.openqa.selenium.remote.http.W3CHttpResponseCodec.decode(W3CHttpResponseCodec.java:49)
	at org.openqa.selenium.remote.HttpCommandExecutor.execute(HttpCommandExecutor.java:158)
	at org.openqa.selenium.remote.service.DriverCommandExecutor.execute(DriverCommandExecutor.java:83)
	at org.openqa.selenium.remote.RemoteWebDriver.execute(RemoteWebDriver.java:552)
	at org.openqa.selenium.remote.RemoteWebElement.execute(RemoteWebElement.java:285)
	at org.openqa.selenium.remote.RemoteWebElement.getText(RemoteWebElement.java:166)
	at extentReportPractice.GMailAssignmentWithExtentReport.openEmail(GMailAssignmentWithExtentReport.java:212)
	at java.util.concurrent.FutureTask.run(FutureTask.java:266)
	at java.util.concurrent.ThreadPoolExecutor.runWorker(ThreadPoolExecutor.java:1142)
	at java.util.concurrent.ThreadPoolExecutor$Worker.run(ThreadPoolExecutor.java:617)
	at java.lang.Thread.run(Thread.java:745)
... Removed 20 stack frames]]>
    </failure>
  </testcase> <!-- openEmail on [GMailAssignmentWithExtentReport passed=0 failed=0 skipped=0] -->
</testsuite> <!-- Test 1 -->
