<?xml version="1.0" encoding="UTF-8"?>
<testng-results skipped="0" failed="0" ignored="0" total="1" passed="1">
  <reporter-output>
  </reporter-output>
  <suite name="Command line suite" duration-ms="19450" started-at="2019-09-22T12:33:55Z" finished-at="2019-09-22T12:34:14Z">
    <groups>
    </groups>
    <test name="Command line test" duration-ms="19450" started-at="2019-09-22T12:33:55Z" finished-at="2019-09-22T12:34:14Z">
      <class name="ownAssignments.StaleElementReferenceExceptionTest">
        <test-method status="PASS" signature="test()[pri:0, instance:ownAssignments.StaleElementReferenceExceptionTest@2ef9b8bc]" name="test" duration-ms="19402" started-at="2019-09-22T12:33:55Z" finished-at="2019-09-22T12:34:14Z">
          <reporter-output>
          </reporter-output>
        </test-method> <!-- test -->
      </class> <!-- ownAssignments.StaleElementReferenceExceptionTest -->
    </test> <!-- Command line test -->
  </suite> <!-- Command line suite -->
</testng-results>
