<?xml version="1.0" encoding="UTF-8"?>
<testng-results skipped="0" failed="0" ignored="0" total="1" passed="1">
  <reporter-output>
  </reporter-output>
  <suite name="Default suite" duration-ms="507" started-at="2020-07-18T16:27:01Z" finished-at="2020-07-18T16:27:01Z">
    <groups>
    </groups>
    <test name="Default test" duration-ms="507" started-at="2020-07-18T16:27:01Z" finished-at="2020-07-18T16:27:01Z">
      <class name="excelPrograms.ExcelToHashtable">
        <test-method status="PASS" signature="firstTC()[pri:0, instance:excelPrograms.ExcelToHashtable@5e3a8624]" name="firstTC" duration-ms="478" started-at="2020-07-18T16:27:01Z" finished-at="2020-07-18T16:27:01Z">
          <reporter-output>
          </reporter-output>
        </test-method> <!-- firstTC -->
      </class> <!-- excelPrograms.ExcelToHashtable -->
    </test> <!-- Default test -->
  </suite> <!-- Default suite -->
</testng-results>
